N107_34          107.00000    34.00000
N107_34.25       107.00000    34.25000
N107_34.5        107.00000    34.50000
N107_34.75       107.00000    34.75000
N107_35          107.00000    35.00000
N107_35.25       107.00000    35.25000
N107_35.5        107.00000    35.50000
N107_35.75       107.00000    35.75000
N107_36          107.00000    36.00000
N107_36.25       107.00000    36.25000
N107_36.5        107.00000    36.50000
N107_36.75       107.00000    36.75000
N107_37          107.00000    37.00000
N107_37.25       107.00000    37.25000
N107_37.5        107.00000    37.50000
N107_37.75       107.00000    37.75000
N107_38          107.00000    38.00000
N107_38.25       107.00000    38.25000
N107_38.5        107.00000    38.50000
N107_38.75       107.00000    38.75000
N107_39          107.00000    39.00000
N107_39.25       107.00000    39.25000
N107_39.5        107.00000    39.50000
N107_39.75       107.00000    39.75000
N107_40          107.00000    40.00000
N107_40.25       107.00000    40.25000
N107_40.5        107.00000    40.50000
N107_40.75       107.00000    40.75000
N107_41          107.00000    41.00000
N107.25_34       107.25000    34.00000
N107.25_34.25    107.25000    34.25000
N107.25_34.5     107.25000    34.50000
N107.25_34.75    107.25000    34.75000
N107.25_35       107.25000    35.00000
N107.25_35.25    107.25000    35.25000
N107.25_35.5     107.25000    35.50000
N107.25_35.75    107.25000    35.75000
N107.25_36       107.25000    36.00000
N107.25_36.25    107.25000    36.25000
N107.25_36.5     107.25000    36.50000
N107.25_36.75    107.25000    36.75000
N107.25_37       107.25000    37.00000
N107.25_37.25    107.25000    37.25000
N107.25_37.5     107.25000    37.50000
N107.25_37.75    107.25000    37.75000
N107.25_38       107.25000    38.00000
N107.25_38.25    107.25000    38.25000
N107.25_38.5     107.25000    38.50000
N107.25_38.75    107.25000    38.75000
N107.25_39       107.25000    39.00000
N107.25_39.25    107.25000    39.25000
N107.25_39.5     107.25000    39.50000
N107.25_39.75    107.25000    39.75000
N107.25_40       107.25000    40.00000
N107.25_40.25    107.25000    40.25000
N107.25_40.5     107.25000    40.50000
N107.25_40.75    107.25000    40.75000
N107.25_41       107.25000    41.00000
N107.5_34        107.50000    34.00000
N107.5_34.25     107.50000    34.25000
N107.5_34.5      107.50000    34.50000
N107.5_34.75     107.50000    34.75000
N107.5_35        107.50000    35.00000
N107.5_35.25     107.50000    35.25000
N107.5_35.5      107.50000    35.50000
N107.5_35.75     107.50000    35.75000
N107.5_36        107.50000    36.00000
N107.5_36.25     107.50000    36.25000
N107.5_36.5      107.50000    36.50000
N107.5_36.75     107.50000    36.75000
N107.5_37        107.50000    37.00000
N107.5_37.25     107.50000    37.25000
N107.5_37.5      107.50000    37.50000
N107.5_37.75     107.50000    37.75000
N107.5_38        107.50000    38.00000
N107.5_38.25     107.50000    38.25000
N107.5_38.5      107.50000    38.50000
N107.5_38.75     107.50000    38.75000
N107.5_39        107.50000    39.00000
N107.5_39.25     107.50000    39.25000
N107.5_39.5      107.50000    39.50000
N107.5_39.75     107.50000    39.75000
N107.5_40        107.50000    40.00000
N107.5_40.25     107.50000    40.25000
N107.5_40.5      107.50000    40.50000
N107.5_40.75     107.50000    40.75000
N107.5_41        107.50000    41.00000
N107.75_34       107.75000    34.00000
N107.75_34.25    107.75000    34.25000
N107.75_34.5     107.75000    34.50000
N107.75_34.75    107.75000    34.75000
N107.75_35       107.75000    35.00000
N107.75_35.25    107.75000    35.25000
N107.75_35.5     107.75000    35.50000
N107.75_35.75    107.75000    35.75000
N107.75_36       107.75000    36.00000
N107.75_36.25    107.75000    36.25000
N107.75_36.5     107.75000    36.50000
N107.75_36.75    107.75000    36.75000
N107.75_37       107.75000    37.00000
N107.75_37.25    107.75000    37.25000
N107.75_37.5     107.75000    37.50000
N107.75_37.75    107.75000    37.75000
N107.75_38       107.75000    38.00000
N107.75_38.25    107.75000    38.25000
N107.75_38.5     107.75000    38.50000
N107.75_38.75    107.75000    38.75000
N107.75_39       107.75000    39.00000
N107.75_39.25    107.75000    39.25000
N107.75_39.5     107.75000    39.50000
N107.75_39.75    107.75000    39.75000
N107.75_40       107.75000    40.00000
N107.75_40.25    107.75000    40.25000
N107.75_40.5     107.75000    40.50000
N107.75_40.75    107.75000    40.75000
N107.75_41       107.75000    41.00000
N108_34          108.00000    34.00000
N108_34.25       108.00000    34.25000
N108_34.5        108.00000    34.50000
N108_34.75       108.00000    34.75000
N108_35          108.00000    35.00000
N108_35.25       108.00000    35.25000
N108_35.5        108.00000    35.50000
N108_35.75       108.00000    35.75000
N108_36          108.00000    36.00000
N108_36.25       108.00000    36.25000
N108_36.5        108.00000    36.50000
N108_36.75       108.00000    36.75000
N108_37          108.00000    37.00000
N108_37.25       108.00000    37.25000
N108_37.5        108.00000    37.50000
N108_37.75       108.00000    37.75000
N108_38          108.00000    38.00000
N108_38.25       108.00000    38.25000
N108_38.5        108.00000    38.50000
N108_38.75       108.00000    38.75000
N108_39          108.00000    39.00000
N108_39.25       108.00000    39.25000
N108_39.5        108.00000    39.50000
N108_39.75       108.00000    39.75000
N108_40          108.00000    40.00000
N108_40.25       108.00000    40.25000
N108_40.5        108.00000    40.50000
N108_40.75       108.00000    40.75000
N108_41          108.00000    41.00000
N108.25_34       108.25000    34.00000
N108.25_34.25    108.25000    34.25000
N108.25_34.5     108.25000    34.50000
N108.25_34.75    108.25000    34.75000
N108.25_35       108.25000    35.00000
N108.25_35.25    108.25000    35.25000
N108.25_35.5     108.25000    35.50000
N108.25_35.75    108.25000    35.75000
N108.25_36       108.25000    36.00000
N108.25_36.25    108.25000    36.25000
N108.25_36.5     108.25000    36.50000
N108.25_36.75    108.25000    36.75000
N108.25_37       108.25000    37.00000
N108.25_37.25    108.25000    37.25000
N108.25_37.5     108.25000    37.50000
N108.25_37.75    108.25000    37.75000
N108.25_38       108.25000    38.00000
N108.25_38.25    108.25000    38.25000
N108.25_38.5     108.25000    38.50000
N108.25_38.75    108.25000    38.75000
N108.25_39       108.25000    39.00000
N108.25_39.25    108.25000    39.25000
N108.25_39.5     108.25000    39.50000
N108.25_39.75    108.25000    39.75000
N108.25_40       108.25000    40.00000
N108.25_40.25    108.25000    40.25000
N108.25_40.5     108.25000    40.50000
N108.25_40.75    108.25000    40.75000
N108.25_41       108.25000    41.00000
N108.5_34        108.50000    34.00000
N108.5_34.25     108.50000    34.25000
N108.5_34.5      108.50000    34.50000
N108.5_34.75     108.50000    34.75000
N108.5_35        108.50000    35.00000
N108.5_35.25     108.50000    35.25000
N108.5_35.5      108.50000    35.50000
N108.5_35.75     108.50000    35.75000
N108.5_36        108.50000    36.00000
N108.5_36.25     108.50000    36.25000
N108.5_36.5      108.50000    36.50000
N108.5_36.75     108.50000    36.75000
N108.5_37        108.50000    37.00000
N108.5_37.25     108.50000    37.25000
N108.5_37.5      108.50000    37.50000
N108.5_37.75     108.50000    37.75000
N108.5_38        108.50000    38.00000
N108.5_38.25     108.50000    38.25000
N108.5_38.5      108.50000    38.50000
N108.5_38.75     108.50000    38.75000
N108.5_39        108.50000    39.00000
N108.5_39.25     108.50000    39.25000
N108.5_39.5      108.50000    39.50000
N108.5_39.75     108.50000    39.75000
N108.5_40        108.50000    40.00000
N108.5_40.25     108.50000    40.25000
N108.5_40.5      108.50000    40.50000
N108.5_40.75     108.50000    40.75000
N108.5_41        108.50000    41.00000
N108.75_34       108.75000    34.00000
N108.75_34.25    108.75000    34.25000
N108.75_34.5     108.75000    34.50000
N108.75_34.75    108.75000    34.75000
N108.75_35       108.75000    35.00000
N108.75_35.25    108.75000    35.25000
N108.75_35.5     108.75000    35.50000
N108.75_35.75    108.75000    35.75000
N108.75_36       108.75000    36.00000
N108.75_36.25    108.75000    36.25000
N108.75_36.5     108.75000    36.50000
N108.75_36.75    108.75000    36.75000
N108.75_37       108.75000    37.00000
N108.75_37.25    108.75000    37.25000
N108.75_37.5     108.75000    37.50000
N108.75_37.75    108.75000    37.75000
N108.75_38       108.75000    38.00000
N108.75_38.25    108.75000    38.25000
N108.75_38.5     108.75000    38.50000
N108.75_38.75    108.75000    38.75000
N108.75_39       108.75000    39.00000
N108.75_39.25    108.75000    39.25000
N108.75_39.5     108.75000    39.50000
N108.75_39.75    108.75000    39.75000
N108.75_40       108.75000    40.00000
N108.75_40.25    108.75000    40.25000
N108.75_40.5     108.75000    40.50000
N108.75_40.75    108.75000    40.75000
N108.75_41       108.75000    41.00000
N109_34          109.00000    34.00000
N109_34.25       109.00000    34.25000
N109_34.5        109.00000    34.50000
N109_34.75       109.00000    34.75000
N109_35          109.00000    35.00000
N109_35.25       109.00000    35.25000
N109_35.5        109.00000    35.50000
N109_35.75       109.00000    35.75000
N109_36          109.00000    36.00000
N109_36.25       109.00000    36.25000
N109_36.5        109.00000    36.50000
N109_36.75       109.00000    36.75000
N109_37          109.00000    37.00000
N109_37.25       109.00000    37.25000
N109_37.5        109.00000    37.50000
N109_37.75       109.00000    37.75000
N109_38          109.00000    38.00000
N109_38.25       109.00000    38.25000
N109_38.5        109.00000    38.50000
N109_38.75       109.00000    38.75000
N109_39          109.00000    39.00000
N109_39.25       109.00000    39.25000
N109_39.5        109.00000    39.50000
N109_39.75       109.00000    39.75000
N109_40          109.00000    40.00000
N109_40.25       109.00000    40.25000
N109_40.5        109.00000    40.50000
N109_40.75       109.00000    40.75000
N109_41          109.00000    41.00000
N109.25_34       109.25000    34.00000
N109.25_34.25    109.25000    34.25000
N109.25_34.5     109.25000    34.50000
N109.25_34.75    109.25000    34.75000
N109.25_35       109.25000    35.00000
N109.25_35.25    109.25000    35.25000
N109.25_35.5     109.25000    35.50000
N109.25_35.75    109.25000    35.75000
N109.25_36       109.25000    36.00000
N109.25_36.25    109.25000    36.25000
N109.25_36.5     109.25000    36.50000
N109.25_36.75    109.25000    36.75000
N109.25_37       109.25000    37.00000
N109.25_37.25    109.25000    37.25000
N109.25_37.5     109.25000    37.50000
N109.25_37.75    109.25000    37.75000
N109.25_38       109.25000    38.00000
N109.25_38.25    109.25000    38.25000
N109.25_38.5     109.25000    38.50000
N109.25_38.75    109.25000    38.75000
N109.25_39       109.25000    39.00000
N109.25_39.25    109.25000    39.25000
N109.25_39.5     109.25000    39.50000
N109.25_39.75    109.25000    39.75000
N109.25_40       109.25000    40.00000
N109.25_40.25    109.25000    40.25000
N109.25_40.5     109.25000    40.50000
N109.25_40.75    109.25000    40.75000
N109.25_41       109.25000    41.00000
N109.5_34        109.50000    34.00000
N109.5_34.25     109.50000    34.25000
N109.5_34.5      109.50000    34.50000
N109.5_34.75     109.50000    34.75000
N109.5_35        109.50000    35.00000
N109.5_35.25     109.50000    35.25000
N109.5_35.5      109.50000    35.50000
N109.5_35.75     109.50000    35.75000
N109.5_36        109.50000    36.00000
N109.5_36.25     109.50000    36.25000
N109.5_36.5      109.50000    36.50000
N109.5_36.75     109.50000    36.75000
N109.5_37        109.50000    37.00000
N109.5_37.25     109.50000    37.25000
N109.5_37.5      109.50000    37.50000
N109.5_37.75     109.50000    37.75000
N109.5_38        109.50000    38.00000
N109.5_38.25     109.50000    38.25000
N109.5_38.5      109.50000    38.50000
N109.5_38.75     109.50000    38.75000
N109.5_39        109.50000    39.00000
N109.5_39.25     109.50000    39.25000
N109.5_39.5      109.50000    39.50000
N109.5_39.75     109.50000    39.75000
N109.5_40        109.50000    40.00000
N109.5_40.25     109.50000    40.25000
N109.5_40.5      109.50000    40.50000
N109.5_40.75     109.50000    40.75000
N109.5_41        109.50000    41.00000
N109.75_34       109.75000    34.00000
N109.75_34.25    109.75000    34.25000
N109.75_34.5     109.75000    34.50000
N109.75_34.75    109.75000    34.75000
N109.75_35       109.75000    35.00000
N109.75_35.25    109.75000    35.25000
N109.75_35.5     109.75000    35.50000
N109.75_35.75    109.75000    35.75000
N109.75_36       109.75000    36.00000
N109.75_36.25    109.75000    36.25000
N109.75_36.5     109.75000    36.50000
N109.75_36.75    109.75000    36.75000
N109.75_37       109.75000    37.00000
N109.75_37.25    109.75000    37.25000
N109.75_37.5     109.75000    37.50000
N109.75_37.75    109.75000    37.75000
N109.75_38       109.75000    38.00000
N109.75_38.25    109.75000    38.25000
N109.75_38.5     109.75000    38.50000
N109.75_38.75    109.75000    38.75000
N109.75_39       109.75000    39.00000
N109.75_39.25    109.75000    39.25000
N109.75_39.5     109.75000    39.50000
N109.75_39.75    109.75000    39.75000
N109.75_40       109.75000    40.00000
N109.75_40.25    109.75000    40.25000
N109.75_40.5     109.75000    40.50000
N109.75_40.75    109.75000    40.75000
N109.75_41       109.75000    41.00000
N110_34          110.00000    34.00000
N110_34.25       110.00000    34.25000
N110_34.5        110.00000    34.50000
N110_34.75       110.00000    34.75000
N110_35          110.00000    35.00000
N110_35.25       110.00000    35.25000
N110_35.5        110.00000    35.50000
N110_35.75       110.00000    35.75000
N110_36          110.00000    36.00000
N110_36.25       110.00000    36.25000
N110_36.5        110.00000    36.50000
N110_36.75       110.00000    36.75000
N110_37          110.00000    37.00000
N110_37.25       110.00000    37.25000
N110_37.5        110.00000    37.50000
N110_37.75       110.00000    37.75000
N110_38          110.00000    38.00000
N110_38.25       110.00000    38.25000
N110_38.5        110.00000    38.50000
N110_38.75       110.00000    38.75000
N110_39          110.00000    39.00000
N110_39.25       110.00000    39.25000
N110_39.5        110.00000    39.50000
N110_39.75       110.00000    39.75000
N110_40          110.00000    40.00000
N110_40.25       110.00000    40.25000
N110_40.5        110.00000    40.50000
N110_40.75       110.00000    40.75000
N110_41          110.00000    41.00000
N110.25_34       110.25000    34.00000
N110.25_34.25    110.25000    34.25000
N110.25_34.5     110.25000    34.50000
N110.25_34.75    110.25000    34.75000
N110.25_35       110.25000    35.00000
N110.25_35.25    110.25000    35.25000
N110.25_35.5     110.25000    35.50000
N110.25_35.75    110.25000    35.75000
N110.25_36       110.25000    36.00000
N110.25_36.25    110.25000    36.25000
N110.25_36.5     110.25000    36.50000
N110.25_36.75    110.25000    36.75000
N110.25_37       110.25000    37.00000
N110.25_37.25    110.25000    37.25000
N110.25_37.5     110.25000    37.50000
N110.25_37.75    110.25000    37.75000
N110.25_38       110.25000    38.00000
N110.25_38.25    110.25000    38.25000
N110.25_38.5     110.25000    38.50000
N110.25_38.75    110.25000    38.75000
N110.25_39       110.25000    39.00000
N110.25_39.25    110.25000    39.25000
N110.25_39.5     110.25000    39.50000
N110.25_39.75    110.25000    39.75000
N110.25_40       110.25000    40.00000
N110.25_40.25    110.25000    40.25000
N110.25_40.5     110.25000    40.50000
N110.25_40.75    110.25000    40.75000
N110.25_41       110.25000    41.00000
N110.5_34        110.50000    34.00000
N110.5_34.25     110.50000    34.25000
N110.5_34.5      110.50000    34.50000
N110.5_34.75     110.50000    34.75000
N110.5_35        110.50000    35.00000
N110.5_35.25     110.50000    35.25000
N110.5_35.5      110.50000    35.50000
N110.5_35.75     110.50000    35.75000
N110.5_36        110.50000    36.00000
N110.5_36.25     110.50000    36.25000
N110.5_36.5      110.50000    36.50000
N110.5_36.75     110.50000    36.75000
N110.5_37        110.50000    37.00000
N110.5_37.25     110.50000    37.25000
N110.5_37.5      110.50000    37.50000
N110.5_37.75     110.50000    37.75000
N110.5_38        110.50000    38.00000
N110.5_38.25     110.50000    38.25000
N110.5_38.5      110.50000    38.50000
N110.5_38.75     110.50000    38.75000
N110.5_39        110.50000    39.00000
N110.5_39.25     110.50000    39.25000
N110.5_39.5      110.50000    39.50000
N110.5_39.75     110.50000    39.75000
N110.5_40        110.50000    40.00000
N110.5_40.25     110.50000    40.25000
N110.5_40.5      110.50000    40.50000
N110.5_40.75     110.50000    40.75000
N110.5_41        110.50000    41.00000
N110.75_34       110.75000    34.00000
N110.75_34.25    110.75000    34.25000
N110.75_34.5     110.75000    34.50000
N110.75_34.75    110.75000    34.75000
N110.75_35       110.75000    35.00000
N110.75_35.25    110.75000    35.25000
N110.75_35.5     110.75000    35.50000
N110.75_35.75    110.75000    35.75000
N110.75_36       110.75000    36.00000
N110.75_36.25    110.75000    36.25000
N110.75_36.5     110.75000    36.50000
N110.75_36.75    110.75000    36.75000
N110.75_37       110.75000    37.00000
N110.75_37.25    110.75000    37.25000
N110.75_37.5     110.75000    37.50000
N110.75_37.75    110.75000    37.75000
N110.75_38       110.75000    38.00000
N110.75_38.25    110.75000    38.25000
N110.75_38.5     110.75000    38.50000
N110.75_38.75    110.75000    38.75000
N110.75_39       110.75000    39.00000
N110.75_39.25    110.75000    39.25000
N110.75_39.5     110.75000    39.50000
N110.75_39.75    110.75000    39.75000
N110.75_40       110.75000    40.00000
N110.75_40.25    110.75000    40.25000
N110.75_40.5     110.75000    40.50000
N110.75_40.75    110.75000    40.75000
N110.75_41       110.75000    41.00000
N111_34          111.00000    34.00000
N111_34.25       111.00000    34.25000
N111_34.5        111.00000    34.50000
N111_34.75       111.00000    34.75000
N111_35          111.00000    35.00000
N111_35.25       111.00000    35.25000
N111_35.5        111.00000    35.50000
N111_35.75       111.00000    35.75000
N111_36          111.00000    36.00000
N111_36.25       111.00000    36.25000
N111_36.5        111.00000    36.50000
N111_36.75       111.00000    36.75000
N111_37          111.00000    37.00000
N111_37.25       111.00000    37.25000
N111_37.5        111.00000    37.50000
N111_37.75       111.00000    37.75000
N111_38          111.00000    38.00000
N111_38.25       111.00000    38.25000
N111_38.5        111.00000    38.50000
N111_38.75       111.00000    38.75000
N111_39          111.00000    39.00000
N111_39.25       111.00000    39.25000
N111_39.5        111.00000    39.50000
N111_39.75       111.00000    39.75000
N111_40          111.00000    40.00000
N111_40.25       111.00000    40.25000
N111_40.5        111.00000    40.50000
N111_40.75       111.00000    40.75000
N111_41          111.00000    41.00000
N111.25_34       111.25000    34.00000
N111.25_34.25    111.25000    34.25000
N111.25_34.5     111.25000    34.50000
N111.25_34.75    111.25000    34.75000
N111.25_35       111.25000    35.00000
N111.25_35.25    111.25000    35.25000
N111.25_35.5     111.25000    35.50000
N111.25_35.75    111.25000    35.75000
N111.25_36       111.25000    36.00000
N111.25_36.25    111.25000    36.25000
N111.25_36.5     111.25000    36.50000
N111.25_36.75    111.25000    36.75000
N111.25_37       111.25000    37.00000
N111.25_37.25    111.25000    37.25000
N111.25_37.5     111.25000    37.50000
N111.25_37.75    111.25000    37.75000
N111.25_38       111.25000    38.00000
N111.25_38.25    111.25000    38.25000
N111.25_38.5     111.25000    38.50000
N111.25_38.75    111.25000    38.75000
N111.25_39       111.25000    39.00000
N111.25_39.25    111.25000    39.25000
N111.25_39.5     111.25000    39.50000
N111.25_39.75    111.25000    39.75000
N111.25_40       111.25000    40.00000
N111.25_40.25    111.25000    40.25000
N111.25_40.5     111.25000    40.50000
N111.25_40.75    111.25000    40.75000
N111.25_41       111.25000    41.00000
N111.5_34        111.50000    34.00000
N111.5_34.25     111.50000    34.25000
N111.5_34.5      111.50000    34.50000
N111.5_34.75     111.50000    34.75000
N111.5_35        111.50000    35.00000
N111.5_35.25     111.50000    35.25000
N111.5_35.5      111.50000    35.50000
N111.5_35.75     111.50000    35.75000
N111.5_36        111.50000    36.00000
N111.5_36.25     111.50000    36.25000
N111.5_36.5      111.50000    36.50000
N111.5_36.75     111.50000    36.75000
N111.5_37        111.50000    37.00000
N111.5_37.25     111.50000    37.25000
N111.5_37.5      111.50000    37.50000
N111.5_37.75     111.50000    37.75000
N111.5_38        111.50000    38.00000
N111.5_38.25     111.50000    38.25000
N111.5_38.5      111.50000    38.50000
N111.5_38.75     111.50000    38.75000
N111.5_39        111.50000    39.00000
N111.5_39.25     111.50000    39.25000
N111.5_39.5      111.50000    39.50000
N111.5_39.75     111.50000    39.75000
N111.5_40        111.50000    40.00000
N111.5_40.25     111.50000    40.25000
N111.5_40.5      111.50000    40.50000
N111.5_40.75     111.50000    40.75000
N111.5_41        111.50000    41.00000
N111.75_34       111.75000    34.00000
N111.75_34.25    111.75000    34.25000
N111.75_34.5     111.75000    34.50000
N111.75_34.75    111.75000    34.75000
N111.75_35       111.75000    35.00000
N111.75_35.25    111.75000    35.25000
N111.75_35.5     111.75000    35.50000
N111.75_35.75    111.75000    35.75000
N111.75_36       111.75000    36.00000
N111.75_36.25    111.75000    36.25000
N111.75_36.5     111.75000    36.50000
N111.75_36.75    111.75000    36.75000
N111.75_37       111.75000    37.00000
N111.75_37.25    111.75000    37.25000
N111.75_37.5     111.75000    37.50000
N111.75_37.75    111.75000    37.75000
N111.75_38       111.75000    38.00000
N111.75_38.25    111.75000    38.25000
N111.75_38.5     111.75000    38.50000
N111.75_38.75    111.75000    38.75000
N111.75_39       111.75000    39.00000
N111.75_39.25    111.75000    39.25000
N111.75_39.5     111.75000    39.50000
N111.75_39.75    111.75000    39.75000
N111.75_40       111.75000    40.00000
N111.75_40.25    111.75000    40.25000
N111.75_40.5     111.75000    40.50000
N111.75_40.75    111.75000    40.75000
N111.75_41       111.75000    41.00000
N112_34          112.00000    34.00000
N112_34.25       112.00000    34.25000
N112_34.5        112.00000    34.50000
N112_34.75       112.00000    34.75000
N112_35          112.00000    35.00000
N112_35.25       112.00000    35.25000
N112_35.5        112.00000    35.50000
N112_35.75       112.00000    35.75000
N112_36          112.00000    36.00000
N112_36.25       112.00000    36.25000
N112_36.5        112.00000    36.50000
N112_36.75       112.00000    36.75000
N112_37          112.00000    37.00000
N112_37.25       112.00000    37.25000
N112_37.5        112.00000    37.50000
N112_37.75       112.00000    37.75000
N112_38          112.00000    38.00000
N112_38.25       112.00000    38.25000
N112_38.5        112.00000    38.50000
N112_38.75       112.00000    38.75000
N112_39          112.00000    39.00000
N112_39.25       112.00000    39.25000
N112_39.5        112.00000    39.50000
N112_39.75       112.00000    39.75000
N112_40          112.00000    40.00000
N112_40.25       112.00000    40.25000
N112_40.5        112.00000    40.50000
N112_40.75       112.00000    40.75000
N112_41          112.00000    41.00000
N112.25_34       112.25000    34.00000
N112.25_34.25    112.25000    34.25000
N112.25_34.5     112.25000    34.50000
N112.25_34.75    112.25000    34.75000
N112.25_35       112.25000    35.00000
N112.25_35.25    112.25000    35.25000
N112.25_35.5     112.25000    35.50000
N112.25_35.75    112.25000    35.75000
N112.25_36       112.25000    36.00000
N112.25_36.25    112.25000    36.25000
N112.25_36.5     112.25000    36.50000
N112.25_36.75    112.25000    36.75000
N112.25_37       112.25000    37.00000
N112.25_37.25    112.25000    37.25000
N112.25_37.5     112.25000    37.50000
N112.25_37.75    112.25000    37.75000
N112.25_38       112.25000    38.00000
N112.25_38.25    112.25000    38.25000
N112.25_38.5     112.25000    38.50000
N112.25_38.75    112.25000    38.75000
N112.25_39       112.25000    39.00000
N112.25_39.25    112.25000    39.25000
N112.25_39.5     112.25000    39.50000
N112.25_39.75    112.25000    39.75000
N112.25_40       112.25000    40.00000
N112.25_40.25    112.25000    40.25000
N112.25_40.5     112.25000    40.50000
N112.25_40.75    112.25000    40.75000
N112.25_41       112.25000    41.00000
N112.5_34        112.50000    34.00000
N112.5_34.25     112.50000    34.25000
N112.5_34.5      112.50000    34.50000
N112.5_34.75     112.50000    34.75000
N112.5_35        112.50000    35.00000
N112.5_35.25     112.50000    35.25000
N112.5_35.5      112.50000    35.50000
N112.5_35.75     112.50000    35.75000
N112.5_36        112.50000    36.00000
N112.5_36.25     112.50000    36.25000
N112.5_36.5      112.50000    36.50000
N112.5_36.75     112.50000    36.75000
N112.5_37        112.50000    37.00000
N112.5_37.25     112.50000    37.25000
N112.5_37.5      112.50000    37.50000
N112.5_37.75     112.50000    37.75000
N112.5_38        112.50000    38.00000
N112.5_38.25     112.50000    38.25000
N112.5_38.5      112.50000    38.50000
N112.5_38.75     112.50000    38.75000
N112.5_39        112.50000    39.00000
N112.5_39.25     112.50000    39.25000
N112.5_39.5      112.50000    39.50000
N112.5_39.75     112.50000    39.75000
N112.5_40        112.50000    40.00000
N112.5_40.25     112.50000    40.25000
N112.5_40.5      112.50000    40.50000
N112.5_40.75     112.50000    40.75000
N112.5_41        112.50000    41.00000
N112.75_34       112.75000    34.00000
N112.75_34.25    112.75000    34.25000
N112.75_34.5     112.75000    34.50000
N112.75_34.75    112.75000    34.75000
N112.75_35       112.75000    35.00000
N112.75_35.25    112.75000    35.25000
N112.75_35.5     112.75000    35.50000
N112.75_35.75    112.75000    35.75000
N112.75_36       112.75000    36.00000
N112.75_36.25    112.75000    36.25000
N112.75_36.5     112.75000    36.50000
N112.75_36.75    112.75000    36.75000
N112.75_37       112.75000    37.00000
N112.75_37.25    112.75000    37.25000
N112.75_37.5     112.75000    37.50000
N112.75_37.75    112.75000    37.75000
N112.75_38       112.75000    38.00000
N112.75_38.25    112.75000    38.25000
N112.75_38.5     112.75000    38.50000
N112.75_38.75    112.75000    38.75000
N112.75_39       112.75000    39.00000
N112.75_39.25    112.75000    39.25000
N112.75_39.5     112.75000    39.50000
N112.75_39.75    112.75000    39.75000
N112.75_40       112.75000    40.00000
N112.75_40.25    112.75000    40.25000
N112.75_40.5     112.75000    40.50000
N112.75_40.75    112.75000    40.75000
N112.75_41       112.75000    41.00000
N113_34          113.00000    34.00000
N113_34.25       113.00000    34.25000
N113_34.5        113.00000    34.50000
N113_34.75       113.00000    34.75000
N113_35          113.00000    35.00000
N113_35.25       113.00000    35.25000
N113_35.5        113.00000    35.50000
N113_35.75       113.00000    35.75000
N113_36          113.00000    36.00000
N113_36.25       113.00000    36.25000
N113_36.5        113.00000    36.50000
N113_36.75       113.00000    36.75000
N113_37          113.00000    37.00000
N113_37.25       113.00000    37.25000
N113_37.5        113.00000    37.50000
N113_37.75       113.00000    37.75000
N113_38          113.00000    38.00000
N113_38.25       113.00000    38.25000
N113_38.5        113.00000    38.50000
N113_38.75       113.00000    38.75000
N113_39          113.00000    39.00000
N113_39.25       113.00000    39.25000
N113_39.5        113.00000    39.50000
N113_39.75       113.00000    39.75000
N113_40          113.00000    40.00000
N113_40.25       113.00000    40.25000
N113_40.5        113.00000    40.50000
N113_40.75       113.00000    40.75000
N113_41          113.00000    41.00000
N113.25_34       113.25000    34.00000
N113.25_34.25    113.25000    34.25000
N113.25_34.5     113.25000    34.50000
N113.25_34.75    113.25000    34.75000
N113.25_35       113.25000    35.00000
N113.25_35.25    113.25000    35.25000
N113.25_35.5     113.25000    35.50000
N113.25_35.75    113.25000    35.75000
N113.25_36       113.25000    36.00000
N113.25_36.25    113.25000    36.25000
N113.25_36.5     113.25000    36.50000
N113.25_36.75    113.25000    36.75000
N113.25_37       113.25000    37.00000
N113.25_37.25    113.25000    37.25000
N113.25_37.5     113.25000    37.50000
N113.25_37.75    113.25000    37.75000
N113.25_38       113.25000    38.00000
N113.25_38.25    113.25000    38.25000
N113.25_38.5     113.25000    38.50000
N113.25_38.75    113.25000    38.75000
N113.25_39       113.25000    39.00000
N113.25_39.25    113.25000    39.25000
N113.25_39.5     113.25000    39.50000
N113.25_39.75    113.25000    39.75000
N113.25_40       113.25000    40.00000
N113.25_40.25    113.25000    40.25000
N113.25_40.5     113.25000    40.50000
N113.25_40.75    113.25000    40.75000
N113.25_41       113.25000    41.00000
N113.5_34        113.50000    34.00000
N113.5_34.25     113.50000    34.25000
N113.5_34.5      113.50000    34.50000
N113.5_34.75     113.50000    34.75000
N113.5_35        113.50000    35.00000
N113.5_35.25     113.50000    35.25000
N113.5_35.5      113.50000    35.50000
N113.5_35.75     113.50000    35.75000
N113.5_36        113.50000    36.00000
N113.5_36.25     113.50000    36.25000
N113.5_36.5      113.50000    36.50000
N113.5_36.75     113.50000    36.75000
N113.5_37        113.50000    37.00000
N113.5_37.25     113.50000    37.25000
N113.5_37.5      113.50000    37.50000
N113.5_37.75     113.50000    37.75000
N113.5_38        113.50000    38.00000
N113.5_38.25     113.50000    38.25000
N113.5_38.5      113.50000    38.50000
N113.5_38.75     113.50000    38.75000
N113.5_39        113.50000    39.00000
N113.5_39.25     113.50000    39.25000
N113.5_39.5      113.50000    39.50000
N113.5_39.75     113.50000    39.75000
N113.5_40        113.50000    40.00000
N113.5_40.25     113.50000    40.25000
N113.5_40.5      113.50000    40.50000
N113.5_40.75     113.50000    40.75000
N113.5_41        113.50000    41.00000
N113.75_34       113.75000    34.00000
N113.75_34.25    113.75000    34.25000
N113.75_34.5     113.75000    34.50000
N113.75_34.75    113.75000    34.75000
N113.75_35       113.75000    35.00000
N113.75_35.25    113.75000    35.25000
N113.75_35.5     113.75000    35.50000
N113.75_35.75    113.75000    35.75000
N113.75_36       113.75000    36.00000
N113.75_36.25    113.75000    36.25000
N113.75_36.5     113.75000    36.50000
N113.75_36.75    113.75000    36.75000
N113.75_37       113.75000    37.00000
N113.75_37.25    113.75000    37.25000
N113.75_37.5     113.75000    37.50000
N113.75_37.75    113.75000    37.75000
N113.75_38       113.75000    38.00000
N113.75_38.25    113.75000    38.25000
N113.75_38.5     113.75000    38.50000
N113.75_38.75    113.75000    38.75000
N113.75_39       113.75000    39.00000
N113.75_39.25    113.75000    39.25000
N113.75_39.5     113.75000    39.50000
N113.75_39.75    113.75000    39.75000
N113.75_40       113.75000    40.00000
N113.75_40.25    113.75000    40.25000
N113.75_40.5     113.75000    40.50000
N113.75_40.75    113.75000    40.75000
N113.75_41       113.75000    41.00000
N114_34          114.00000    34.00000
N114_34.25       114.00000    34.25000
N114_34.5        114.00000    34.50000
N114_34.75       114.00000    34.75000
N114_35          114.00000    35.00000
N114_35.25       114.00000    35.25000
N114_35.5        114.00000    35.50000
N114_35.75       114.00000    35.75000
N114_36          114.00000    36.00000
N114_36.25       114.00000    36.25000
N114_36.5        114.00000    36.50000
N114_36.75       114.00000    36.75000
N114_37          114.00000    37.00000
N114_37.25       114.00000    37.25000
N114_37.5        114.00000    37.50000
N114_37.75       114.00000    37.75000
N114_38          114.00000    38.00000
N114_38.25       114.00000    38.25000
N114_38.5        114.00000    38.50000
N114_38.75       114.00000    38.75000
N114_39          114.00000    39.00000
N114_39.25       114.00000    39.25000
N114_39.5        114.00000    39.50000
N114_39.75       114.00000    39.75000
N114_40          114.00000    40.00000
N114_40.25       114.00000    40.25000
N114_40.5        114.00000    40.50000
N114_40.75       114.00000    40.75000
N114_41          114.00000    41.00000
N114.25_34       114.25000    34.00000
N114.25_34.25    114.25000    34.25000
N114.25_34.5     114.25000    34.50000
N114.25_34.75    114.25000    34.75000
N114.25_35       114.25000    35.00000
N114.25_35.25    114.25000    35.25000
N114.25_35.5     114.25000    35.50000
N114.25_35.75    114.25000    35.75000
N114.25_36       114.25000    36.00000
N114.25_36.25    114.25000    36.25000
N114.25_36.5     114.25000    36.50000
N114.25_36.75    114.25000    36.75000
N114.25_37       114.25000    37.00000
N114.25_37.25    114.25000    37.25000
N114.25_37.5     114.25000    37.50000
N114.25_37.75    114.25000    37.75000
N114.25_38       114.25000    38.00000
N114.25_38.25    114.25000    38.25000
N114.25_38.5     114.25000    38.50000
N114.25_38.75    114.25000    38.75000
N114.25_39       114.25000    39.00000
N114.25_39.25    114.25000    39.25000
N114.25_39.5     114.25000    39.50000
N114.25_39.75    114.25000    39.75000
N114.25_40       114.25000    40.00000
N114.25_40.25    114.25000    40.25000
N114.25_40.5     114.25000    40.50000
N114.25_40.75    114.25000    40.75000
N114.25_41       114.25000    41.00000
N114.5_34        114.50000    34.00000
N114.5_34.25     114.50000    34.25000
N114.5_34.5      114.50000    34.50000
N114.5_34.75     114.50000    34.75000
N114.5_35        114.50000    35.00000
N114.5_35.25     114.50000    35.25000
N114.5_35.5      114.50000    35.50000
N114.5_35.75     114.50000    35.75000
N114.5_36        114.50000    36.00000
N114.5_36.25     114.50000    36.25000
N114.5_36.5      114.50000    36.50000
N114.5_36.75     114.50000    36.75000
N114.5_37        114.50000    37.00000
N114.5_37.25     114.50000    37.25000
N114.5_37.5      114.50000    37.50000
N114.5_37.75     114.50000    37.75000
N114.5_38        114.50000    38.00000
N114.5_38.25     114.50000    38.25000
N114.5_38.5      114.50000    38.50000
N114.5_38.75     114.50000    38.75000
N114.5_39        114.50000    39.00000
N114.5_39.25     114.50000    39.25000
N114.5_39.5      114.50000    39.50000
N114.5_39.75     114.50000    39.75000
N114.5_40        114.50000    40.00000
N114.5_40.25     114.50000    40.25000
N114.5_40.5      114.50000    40.50000
N114.5_40.75     114.50000    40.75000
N114.5_41        114.50000    41.00000
N114.75_34       114.75000    34.00000
N114.75_34.25    114.75000    34.25000
N114.75_34.5     114.75000    34.50000
N114.75_34.75    114.75000    34.75000
N114.75_35       114.75000    35.00000
N114.75_35.25    114.75000    35.25000
N114.75_35.5     114.75000    35.50000
N114.75_35.75    114.75000    35.75000
N114.75_36       114.75000    36.00000
N114.75_36.25    114.75000    36.25000
N114.75_36.5     114.75000    36.50000
N114.75_36.75    114.75000    36.75000
N114.75_37       114.75000    37.00000
N114.75_37.25    114.75000    37.25000
N114.75_37.5     114.75000    37.50000
N114.75_37.75    114.75000    37.75000
N114.75_38       114.75000    38.00000
N114.75_38.25    114.75000    38.25000
N114.75_38.5     114.75000    38.50000
N114.75_38.75    114.75000    38.75000
N114.75_39       114.75000    39.00000
N114.75_39.25    114.75000    39.25000
N114.75_39.5     114.75000    39.50000
N114.75_39.75    114.75000    39.75000
N114.75_40       114.75000    40.00000
N114.75_40.25    114.75000    40.25000
N114.75_40.5     114.75000    40.50000
N114.75_40.75    114.75000    40.75000
N114.75_41       114.75000    41.00000
N115_34          115.00000    34.00000
N115_34.25       115.00000    34.25000
N115_34.5        115.00000    34.50000
N115_34.75       115.00000    34.75000
N115_35          115.00000    35.00000
N115_35.25       115.00000    35.25000
N115_35.5        115.00000    35.50000
N115_35.75       115.00000    35.75000
N115_36          115.00000    36.00000
N115_36.25       115.00000    36.25000
N115_36.5        115.00000    36.50000
N115_36.75       115.00000    36.75000
N115_37          115.00000    37.00000
N115_37.25       115.00000    37.25000
N115_37.5        115.00000    37.50000
N115_37.75       115.00000    37.75000
N115_38          115.00000    38.00000
N115_38.25       115.00000    38.25000
N115_38.5        115.00000    38.50000
N115_38.75       115.00000    38.75000
N115_39          115.00000    39.00000
N115_39.25       115.00000    39.25000
N115_39.5        115.00000    39.50000
N115_39.75       115.00000    39.75000
N115_40          115.00000    40.00000
N115_40.25       115.00000    40.25000
N115_40.5        115.00000    40.50000
N115_40.75       115.00000    40.75000
N115_41          115.00000    41.00000
N115.25_34       115.25000    34.00000
N115.25_34.25    115.25000    34.25000
N115.25_34.5     115.25000    34.50000
N115.25_34.75    115.25000    34.75000
N115.25_35       115.25000    35.00000
N115.25_35.25    115.25000    35.25000
N115.25_35.5     115.25000    35.50000
N115.25_35.75    115.25000    35.75000
N115.25_36       115.25000    36.00000
N115.25_36.25    115.25000    36.25000
N115.25_36.5     115.25000    36.50000
N115.25_36.75    115.25000    36.75000
N115.25_37       115.25000    37.00000
N115.25_37.25    115.25000    37.25000
N115.25_37.5     115.25000    37.50000
N115.25_37.75    115.25000    37.75000
N115.25_38       115.25000    38.00000
N115.25_38.25    115.25000    38.25000
N115.25_38.5     115.25000    38.50000
N115.25_38.75    115.25000    38.75000
N115.25_39       115.25000    39.00000
N115.25_39.25    115.25000    39.25000
N115.25_39.5     115.25000    39.50000
N115.25_39.75    115.25000    39.75000
N115.25_40       115.25000    40.00000
N115.25_40.25    115.25000    40.25000
N115.25_40.5     115.25000    40.50000
N115.25_40.75    115.25000    40.75000
N115.25_41       115.25000    41.00000
N115.5_34        115.50000    34.00000
N115.5_34.25     115.50000    34.25000
N115.5_34.5      115.50000    34.50000
N115.5_34.75     115.50000    34.75000
N115.5_35        115.50000    35.00000
N115.5_35.25     115.50000    35.25000
N115.5_35.5      115.50000    35.50000
N115.5_35.75     115.50000    35.75000
N115.5_36        115.50000    36.00000
N115.5_36.25     115.50000    36.25000
N115.5_36.5      115.50000    36.50000
N115.5_36.75     115.50000    36.75000
N115.5_37        115.50000    37.00000
N115.5_37.25     115.50000    37.25000
N115.5_37.5      115.50000    37.50000
N115.5_37.75     115.50000    37.75000
N115.5_38        115.50000    38.00000
N115.5_38.25     115.50000    38.25000
N115.5_38.5      115.50000    38.50000
N115.5_38.75     115.50000    38.75000
N115.5_39        115.50000    39.00000
N115.5_39.25     115.50000    39.25000
N115.5_39.5      115.50000    39.50000
N115.5_39.75     115.50000    39.75000
N115.5_40        115.50000    40.00000
N115.5_40.25     115.50000    40.25000
N115.5_40.5      115.50000    40.50000
N115.5_40.75     115.50000    40.75000
N115.5_41        115.50000    41.00000
N115.75_34       115.75000    34.00000
N115.75_34.25    115.75000    34.25000
N115.75_34.5     115.75000    34.50000
N115.75_34.75    115.75000    34.75000
N115.75_35       115.75000    35.00000
N115.75_35.25    115.75000    35.25000
N115.75_35.5     115.75000    35.50000
N115.75_35.75    115.75000    35.75000
N115.75_36       115.75000    36.00000
N115.75_36.25    115.75000    36.25000
N115.75_36.5     115.75000    36.50000
N115.75_36.75    115.75000    36.75000
N115.75_37       115.75000    37.00000
N115.75_37.25    115.75000    37.25000
N115.75_37.5     115.75000    37.50000
N115.75_37.75    115.75000    37.75000
N115.75_38       115.75000    38.00000
N115.75_38.25    115.75000    38.25000
N115.75_38.5     115.75000    38.50000
N115.75_38.75    115.75000    38.75000
N115.75_39       115.75000    39.00000
N115.75_39.25    115.75000    39.25000
N115.75_39.5     115.75000    39.50000
N115.75_39.75    115.75000    39.75000
N115.75_40       115.75000    40.00000
N115.75_40.25    115.75000    40.25000
N115.75_40.5     115.75000    40.50000
N115.75_40.75    115.75000    40.75000
N115.75_41       115.75000    41.00000
N116_34          116.00000    34.00000
N116_34.25       116.00000    34.25000
N116_34.5        116.00000    34.50000
N116_34.75       116.00000    34.75000
N116_35          116.00000    35.00000
N116_35.25       116.00000    35.25000
N116_35.5        116.00000    35.50000
N116_35.75       116.00000    35.75000
N116_36          116.00000    36.00000
N116_36.25       116.00000    36.25000
N116_36.5        116.00000    36.50000
N116_36.75       116.00000    36.75000
N116_37          116.00000    37.00000
N116_37.25       116.00000    37.25000
N116_37.5        116.00000    37.50000
N116_37.75       116.00000    37.75000
N116_38          116.00000    38.00000
N116_38.25       116.00000    38.25000
N116_38.5        116.00000    38.50000
N116_38.75       116.00000    38.75000
N116_39          116.00000    39.00000
N116_39.25       116.00000    39.25000
N116_39.5        116.00000    39.50000
N116_39.75       116.00000    39.75000
N116_40          116.00000    40.00000
N116_40.25       116.00000    40.25000
N116_40.5        116.00000    40.50000
N116_40.75       116.00000    40.75000
N116_41          116.00000    41.00000
