AHHBE        116.79     33.9817   
AHMCG        116.48     33.35     
AHSIX        117.859    33.5576   
BJBBS        116.24     39.91     
BJCIQ        116.57     39.79     
BJDHC        116.11     39.86     
BJFHY        116.69     39.62     
BJLBP        116.21     40.57     
BJLLM        116.64     40.63     
BJMIY        116.83     40.47     
BJNKY        115.97     39.69     
BJSSL        116.23     40.25     
BJXBZ        115.97     40.34     
BJXIJ        116.88     39.83     
BUBDH        119.474    39.8254   
BUBJT        116.17     40.02     
BUCDT        117.916    41.0153   
BUCHL        119.096    39.7585   
BUDOH        118.328    39.7522   
BUFHS        116.309    39.9459   
BUGUY        115.822    41.6645   
BUHBZ        114.308    38.2482   
BUHUA        114.441    40.653    
BULAY        114.98     39.5103   
BULBG        116.596    40.8994   
BULQS        116.082    40.1017   
BUMDY        116.56     40.3944   
BUNSC        117.254    40.1397   
BUSFS        115.814    39.6611   
BUSHC        115.523    40.4406   
BUSZL        117.217    40.3072   
BUTAS        115.493    40.0836   
BUTST        117.128    40.5371   
BUWAX        115.063    38.8639   
BUXUH        115.043    40.4783   
BUZHL        115.133    40.1572   
BUZJT        114.902    40.8307   
BUZKD        115.922    39.6881   
BUZUH        117.676    40.1919   
GSHCH        108.461    36.2504   
GSHXT        107.27     36.5896   
GSNXT        107.922    35.5609   
GSPLT        106.681    35.4508   
GSTSS        106.021    34.3425   
GSZHC        106.3      34.9316   
HADA         111.32     34.8      
HAHX         113.441    35.4475   
HAJS         113.24     34.61     
HAJY         112.449    35.1629   
HAJZ         113.213    35.2675   
HALS         111.04     34.0183   
HALYN        112.47     34.55     
HALZH        113.835    36.0614   
HANY         112.27     33.14     
HAPDS        113.298    33.7116   
HAXX         114.539    35.6618   
HAZMD        113.745    33.1334   
HECHC        115.84     40.91     
HECHD        117.92     41.02     
HECLI        119.1      39.76     
HECXT        114.05     36.43     
HEFEN        116.62     41.22     
HEGAN        114.02     38.37     
HEHNS        114.71     37.4      
HEJNX        114.15     38.03     
HEKAB        114.59     41.85     
HEKUC        118.47     40.59     
HELIC        114.39     37.45     
HELOH        117.71     41.32     
HELUQ        114.31     38        
HEQIL        118.9      40.42     
HEQIX        118.32     40.2      
HESHX        115.56     38.01     
HESXT        113.64     36.55     
HETLK        119.04     40.14     
HEWAT        114.05     36.81     
HEWEC        117.75     41.93     
HEXIL        117.47     40.41     
HEXIT        114.37     38.53     
HEXLD        118.02     40.39     
HEXTT        114.31     37.12     
HEYAY        114.17     40.16     
HEYIX        115.37     39.35     
HEYON        114.42     36.75     
HEYUS        114.37     37.79     
HEZAH        114.4      37.66     
HEZHB        114.49     41.4      
HEZHX        114.78     37.75     
HEZJK        114.9      40.83     
JSBY         119.267    33.2625   
JSDH         118.772    34.505    
JSGAY        118.983    34.9433   
JSGUY        119.238    34.3094   
JSHUA        119.005    33.6147   
JSLAS        119.283    33.7717   
JSLYG        119.243    34.6414   
JSPX         116.9      34.8      
JSPZ         117.97     34.52     
JSQSD        119.83     34.92     
JSSH         118.156    33.5444   
JSSQ         118.307    34.05     
JSXIY        118.389    34.3808   
JSXW         118.389    34.3808   
JSXY         118.49     33.07     
JSXZ         117.166    34.2314   
LNJCA        119.877    40.8286   
LNLYA        119.382    41.2187   
NMBAC        115.27     41.9      
NMBHS        112.026    40.965    
NMBLM        110.428    41.71     
NMBTO        109.88     40.74     
NMCSQ        111.048    40.7279   
NMDSH        110.064    39.8045   
NMDSM        107.054    41.0947   
NMHHC        111.56     40.87     
NMHLG        111.844    40.3762   
NMJIN        113.152    40.9968   
NMLCH        112.511    40.5411   
NMNIC        118.875    41.7251   
NMQSH        111.673    39.8988   
NMWJH        108.08     41.3      
NMWLH        111.706    41.5191   
NMWUH        106.839    39.6645   
NMXSZ        108.734    40.7398   
NXGYU        106.17     35.9639   
NXJYU        106.339    35.4863   
NXLWU        106.331    38.1011   
NXNSS        106.083    37.6962   
NXSZS        106.66     39.283    
NXTLE        106.697    38.8074   
NXTXN        106.283    37.3032   
NXYCI        107.437    37.7785   
SDANQ        119.22     36.37     
SDCSH        118.05     34.85     
SDDSD        116.75     35.1      
SDDSH        117.67     38.01     
SDJIN        117.04     36.64     
SDJIX        116.35     35.4      
SDJUN        118.85     35.17     
SDJUX        118.9      35.54     
SDLIS        118.69     34.95     
SDLQU        118.49     36.41     
SDLSH        116.08     35.81     
SDNLA        117.98     35.52     
SDRZH        119.52     35.42     
SDTCH        118.46     34.7      
SDTIA        117.1      36.25     
SDWUL        119.2      35.75     
SDXIT        117.76     35.95     
SDYSH        118.63     35.79     
SDZCH        117.01     35.38     
SNFUPI       109.145    34.974    
SNHEYT       110.063    35.4067   
SNHUAX       109.72     34.4009   
SNHUYT       110.167    34.52     
SNHZHG       107.433    33.2532   
SNJYAT       108.753    34.7089   
SNLANT       109.376    34.1128   
SNLINT       109.212    34.3523   
SNLIYO       107.806    34.6766   
SNLOXT       106.767    34.939    
SNLUYA       106.14     33.3568   
SNMEIX       107.817    34.1283   
SNMIAX       106.8      33.2293   
SNNSHT       108.323    33.3253   
SNPCHT       109.427    35.0583   
SNQLIT       108.217    34.5697   
SNSHAZ       109.874    33.5124   
SNSHNA       110.865    33.518    
SNSUDE       110.231    37.4946   
SNTABT       107.285    34.0707   
SNTOCH       109.125    35.392    
SNXAN        108.924    34.0317   
SNYAAN       109.325    36.8721   
SNZOZT       108.324    34.0553   
SXANZ        112.25     36.16     
SXBOD        111.001    38.9549   
SXCHZ        113.18     36.2244   
SXDAX        113.056    39.0518   
SXDOS        112.741    37.9294   
SXHMA        111.41     35.58     
SXHSH        113.721    39.6684   
SXHZH        111.899    36.6099   
SXJIC        112.436    37.7123   
SXKEL        111.72     38.7784   
SXLIC        113.291    35.6906   
SXLIF        111.367    36.0883   
SXLIS        111.242    37.529    
SXLNQ        114.021    39.3823   
SXLOF        111.951    38.0411   
SXNIW        112.336    38.687    
SXPIG        111.513    39.4516   
SXSHZ        113.237    40.1416   
SXSZZ        113.713    40.0845   
SXTAG        112.578    37.3671   
SXTIY        113.003    38.43     
SXXAX        111.237    35.12     
SXXAY        112.946    36.6677   
SXXIX        110.95     36.7      
SXXIY        113.721    37.569    
SXYAC        112.407    35.4424   
SXYAY        114.158    39.955    
SXYJI        110.646    34.8389   
SXYMG        112.807    39.2289   
SXZCH        113.348    40.2723   
SXZOQ        113.35     37.0993   
TJJIX        117.496    40.0764   
TJSJT        118.002    39.2433   
TJSJZ        117.382    38.6325   
TJYGZ        117.248    39.91     
SNYULG       110.508    38.8559   
SXYUY        112.369    40.0235   
